Running 21 test projects (config Debug)…

  tests/Build.Tests/Build.Tests.fsproj                       PASS
  tests/Canvas.Tests/Canvas.Tests.fsproj                     PASS
  tests/Controls.Tests/Controls.Tests.fsproj                 PASS
  tests/Diagnostics.Tests/Diagnostics.Tests.fsproj           PASS
  tests/Elmish.Tests/Elmish.Tests.fsproj                     PASS
  tests/KeyboardInput.Tests/KeyboardInput.Tests.fsproj       PASS
  tests/Layout.Tests/Layout.Tests.fsproj                     PASS
  tests/Lib.Tests/Lib.Tests.fsproj                           PASS
  tests/Package.Tests/Package.Tests.fsproj                   PASS
  tests/Rendering.Harness.Tests/Rendering.Harness.Tests.fsproj PASS
  tests/Scene.Tests/Scene.Tests.fsproj                       PASS
  tests/SkiaViewer.Tests/SkiaViewer.Tests.fsproj             PASS
  tests/Smoke.Tests/Smoke.Tests.fsproj                       PASS
  tests/Symbology.Render.Tests/Symbology.Render.Tests.fsproj PASS
  tests/Symbology.Tests/Symbology.Tests.fsproj               PASS
  tests/SymbologyBoard.Tests/SymbologyBoard.Tests.fsproj     PASS
  tests/Testing.Tests/Testing.Tests.fsproj                   PASS
  samples/AntShowcase/AntShowcase.Tests/AntShowcase.Tests.fsproj PASS
  samples/ControlsGallery/ControlsGallery.Tests/ControlsGallery.Tests.fsproj PASS
  samples/SampleApps/SampleApps.Tests/SampleApps.Tests.fsproj PASS
  samples/SecondAntShowcase/SecondAntShowcase.Tests/SecondAntShowcase.Tests.fsproj PASS

# Test baseline — full red/green set

- Config: `Debug`
- Projects: 21  ·  Green: 21  ·  Red: 0

| Project | Result | Summary |
|---|---|---|
| `tests/Build.Tests/Build.Tests.fsproj` | 🟢 PASS | Passed!  - Failed:     0, Passed:     6, Skipped:     0, Total:     6, Duration: 14 ms - Build.Tests.dll (net10.0) |
| `tests/Canvas.Tests/Canvas.Tests.fsproj` | 🟢 PASS | Passed!  - Failed:     0, Passed:    17, Skipped:     0, Total:    17, Duration: 21 ms - Canvas.Tests.dll (net10.0) |
| `tests/Controls.Tests/Controls.Tests.fsproj` | 🟢 PASS | Passed!  - Failed:     0, Passed:   949, Skipped:     1, Total:   950, Duration: 20 s - Controls.Tests.dll (net10.0) |
| `tests/Diagnostics.Tests/Diagnostics.Tests.fsproj` | 🟢 PASS | Passed!  - Failed:     0, Passed:    14, Skipped:     0, Total:    14, Duration: 27 ms - Diagnostics.Tests.dll (net10.0) |
| `tests/Elmish.Tests/Elmish.Tests.fsproj` | 🟢 PASS | Passed!  - Failed:     0, Passed:   211, Skipped:    17, Total:   228, Duration: 627 ms - Elmish.Tests.dll (net10.0) |
| `tests/KeyboardInput.Tests/KeyboardInput.Tests.fsproj` | 🟢 PASS | Passed!  - Failed:     0, Passed:    20, Skipped:     0, Total:    20, Duration: 32 ms - KeyboardInput.Tests.dll (net10.0) |
| `tests/Layout.Tests/Layout.Tests.fsproj` | 🟢 PASS | Passed!  - Failed:     0, Passed:    79, Skipped:     0, Total:    79, Duration: 707 ms - Layout.Tests.dll (net10.0) |
| `tests/Lib.Tests/Lib.Tests.fsproj` | 🟢 PASS | Passed!  - Failed:     0, Passed:    30, Skipped:     0, Total:    30, Duration: 53 ms - Lib.Tests.dll (net10.0) |
| `tests/Package.Tests/Package.Tests.fsproj` | 🟢 PASS | Passed!  - Failed:     0, Passed:   132, Skipped:     0, Total:   132, Duration: 84 ms - Package.Tests.dll (net10.0) |
| `tests/Rendering.Harness.Tests/Rendering.Harness.Tests.fsproj` | 🟢 PASS | Passed!  - Failed:     0, Passed:   209, Skipped:     0, Total:   209, Duration: 627 ms - Rendering.Harness.Tests.dll (net10.0) |
| `tests/Scene.Tests/Scene.Tests.fsproj` | 🟢 PASS | Passed!  - Failed:     0, Passed:    77, Skipped:     0, Total:    77, Duration: 123 ms - Scene.Tests.dll (net10.0) |
| `tests/SkiaViewer.Tests/SkiaViewer.Tests.fsproj` | 🟢 PASS | Passed!  - Failed:     0, Passed:   207, Skipped:     0, Total:   207, Duration: 639 ms - SkiaViewer.Tests.dll (net10.0) |
| `tests/Smoke.Tests/Smoke.Tests.fsproj` | 🟢 PASS | Passed!  - Failed:     0, Passed:     4, Skipped:     3, Total:     7, Duration: 9 ms - Smoke.Tests.dll (net10.0) |
| `tests/Symbology.Render.Tests/Symbology.Render.Tests.fsproj` | 🟢 PASS | Passed!  - Failed:     0, Passed:    20, Skipped:     0, Total:    20, Duration: 92 ms - Symbology.Render.Tests.dll (net10.0) |
| `tests/Symbology.Tests/Symbology.Tests.fsproj` | 🟢 PASS | Passed!  - Failed:     0, Passed:   447, Skipped:     0, Total:   447, Duration: 255 ms - Symbology.Tests.dll (net10.0) |
| `tests/SymbologyBoard.Tests/SymbologyBoard.Tests.fsproj` | 🟢 PASS | Passed!  - Failed:     0, Passed:    11, Skipped:     0, Total:    11, Duration: 35 ms - SymbologyBoard.Tests.dll (net10.0) |
| `tests/Testing.Tests/Testing.Tests.fsproj` | 🟢 PASS | Passed!  - Failed:     0, Passed:   104, Skipped:     0, Total:   104, Duration: 100 ms - Testing.Tests.dll (net10.0) |
| `samples/AntShowcase/AntShowcase.Tests/AntShowcase.Tests.fsproj` | 🟢 PASS | Passed!  - Failed:     0, Passed:    88, Skipped:     0, Total:    88, Duration: 2 s - AntShowcase.Tests.dll (net10.0) |
| `samples/ControlsGallery/ControlsGallery.Tests/ControlsGallery.Tests.fsproj` | 🟢 PASS | Passed!  - Failed:     0, Passed:    34, Skipped:     0, Total:    34, Duration: 688 ms - ControlsGallery.Tests.dll (net10.0) |
| `samples/SampleApps/SampleApps.Tests/SampleApps.Tests.fsproj` | 🟢 PASS | Passed!  - Failed:     0, Passed:    25, Skipped:     0, Total:    25, Duration: 254 ms - SampleApps.Tests.dll (net10.0) |
| `samples/SecondAntShowcase/SecondAntShowcase.Tests/SecondAntShowcase.Tests.fsproj` | 🟢 PASS | Passed!  - Failed:     0, Passed:   171, Skipped:     1, Total:   172, Duration: 1 s - SecondAntShowcase.Tests.dll (net10.0) |

wrote baseline summary to specs/208-fs-gg-ui-version-rename/readiness/baseline.md
