Refreshing run status every 20 seconds. Press Ctrl+C to quit.

* v0.1.54-preview.1 release · 28468936061
Triggered via push less than a minute ago

JOBS
* Package consumption (release-only) (ID 84376006396)
  ✓ Set up job
  ✓ Run actions/checkout@v4
  ✓ Run actions/setup-dotnet@v4
  * Build solution (Debug) for surface-baseline assemblies
  * Run Package.Tests
  * Post Run actions/setup-dotnet@v4
  * Post Run actions/checkout@v4
* Generated product (template instantiation, release-only) (ID 84376006438)
  ✓ Set up job
  ✓ Run actions/checkout@v4
  ✓ Run actions/setup-dotnet@v4
  ✓ Resolve coherent-set version (from tag/input, else the template pin)
  * Pack the coherent set to a runner-local feed
  * Install template + instantiate generated product
  * Build, test, and run generated product (stock root, Feature 212)
  * Post Run actions/setup-dotnet@v4
  * Post Run actions/checkout@v4
Refreshing run status every 20 seconds. Press Ctrl+C to quit.

* v0.1.54-preview.1 release · 28468936061
Triggered via push about 1 minute ago

JOBS
* Package consumption (release-only) (ID 84376006396)
  ✓ Set up job
  ✓ Run actions/checkout@v4
  ✓ Run actions/setup-dotnet@v4
  * Build solution (Debug) for surface-baseline assemblies
  * Run Package.Tests
  * Post Run actions/setup-dotnet@v4
  * Post Run actions/checkout@v4
* Generated product (template instantiation, release-only) (ID 84376006438)
  ✓ Set up job
  ✓ Run actions/checkout@v4
  ✓ Run actions/setup-dotnet@v4
  ✓ Resolve coherent-set version (from tag/input, else the template pin)
  * Pack the coherent set to a runner-local feed
  * Install template + instantiate generated product
  * Build, test, and run generated product (stock root, Feature 212)
  * Post Run actions/setup-dotnet@v4
  * Post Run actions/checkout@v4
Refreshing run status every 20 seconds. Press Ctrl+C to quit.

* v0.1.54-preview.1 release · 28468936061
Triggered via push about 1 minute ago

JOBS
* Package consumption (release-only) (ID 84376006396)
  ✓ Set up job
  ✓ Run actions/checkout@v4
  ✓ Run actions/setup-dotnet@v4
  * Build solution (Debug) for surface-baseline assemblies
  * Run Package.Tests
  * Post Run actions/setup-dotnet@v4
  * Post Run actions/checkout@v4
* Generated product (template instantiation, release-only) (ID 84376006438)
  ✓ Set up job
  ✓ Run actions/checkout@v4
  ✓ Run actions/setup-dotnet@v4
  ✓ Resolve coherent-set version (from tag/input, else the template pin)
  ✓ Pack the coherent set to a runner-local feed
  ✓ Install template + instantiate generated product
  * Build, test, and run generated product (stock root, Feature 212)
  * Post Run actions/setup-dotnet@v4
  * Post Run actions/checkout@v4
Refreshing run status every 20 seconds. Press Ctrl+C to quit.

* v0.1.54-preview.1 release · 28468936061
Triggered via push about 1 minute ago

JOBS
* Package consumption (release-only) (ID 84376006396)
  ✓ Set up job
  ✓ Run actions/checkout@v4
  ✓ Run actions/setup-dotnet@v4
  * Build solution (Debug) for surface-baseline assemblies
  * Run Package.Tests
  * Post Run actions/setup-dotnet@v4
  * Post Run actions/checkout@v4
✓ Generated product (template instantiation, release-only) in 1m37s (ID 84376006438)
  ✓ Set up job
  ✓ Run actions/checkout@v4
  ✓ Run actions/setup-dotnet@v4
  ✓ Resolve coherent-set version (from tag/input, else the template pin)
  ✓ Pack the coherent set to a runner-local feed
  ✓ Install template + instantiate generated product
  ✓ Build, test, and run generated product (stock root, Feature 212)
  ✓ Post Run actions/setup-dotnet@v4
  ✓ Post Run actions/checkout@v4
  ✓ Complete job

ANNOTATIONS
! Node.js 20 is deprecated. The following actions target Node.js 20 but are being forced to run on Node.js 24: actions/checkout@v4, actions/setup-dotnet@v4. For more information see: https://github.blog/changelog/2025-09-19-deprecation-of-node-20-on-github-actions-runners/
Generated product (template instantiation, release-only): .github#5

Refreshing run status every 20 seconds. Press Ctrl+C to quit.

* v0.1.54-preview.1 release · 28468936061
Triggered via push about 2 minutes ago

JOBS
* Package consumption (release-only) (ID 84376006396)
  ✓ Set up job
  ✓ Run actions/checkout@v4
  ✓ Run actions/setup-dotnet@v4
  ✓ Build solution (Debug) for surface-baseline assemblies
  * Run Package.Tests
  * Post Run actions/setup-dotnet@v4
  * Post Run actions/checkout@v4
✓ Generated product (template instantiation, release-only) in 1m37s (ID 84376006438)
  ✓ Set up job
  ✓ Run actions/checkout@v4
  ✓ Run actions/setup-dotnet@v4
  ✓ Resolve coherent-set version (from tag/input, else the template pin)
  ✓ Pack the coherent set to a runner-local feed
  ✓ Install template + instantiate generated product
  ✓ Build, test, and run generated product (stock root, Feature 212)
  ✓ Post Run actions/setup-dotnet@v4
  ✓ Post Run actions/checkout@v4
  ✓ Complete job

ANNOTATIONS
! Node.js 20 is deprecated. The following actions target Node.js 20 but are being forced to run on Node.js 24: actions/checkout@v4, actions/setup-dotnet@v4. For more information see: https://github.blog/changelog/2025-09-19-deprecation-of-node-20-on-github-actions-runners/
Generated product (template instantiation, release-only): .github#5

Refreshing run status every 20 seconds. Press Ctrl+C to quit.

* v0.1.54-preview.1 release · 28468936061
Triggered via push about 2 minutes ago

JOBS
* Package consumption (release-only) (ID 84376006396)
  ✓ Set up job
  ✓ Run actions/checkout@v4
  ✓ Run actions/setup-dotnet@v4
  ✓ Build solution (Debug) for surface-baseline assemblies
  * Run Package.Tests
  * Post Run actions/setup-dotnet@v4
  * Post Run actions/checkout@v4
✓ Generated product (template instantiation, release-only) in 1m37s (ID 84376006438)
  ✓ Set up job
  ✓ Run actions/checkout@v4
  ✓ Run actions/setup-dotnet@v4
  ✓ Resolve coherent-set version (from tag/input, else the template pin)
  ✓ Pack the coherent set to a runner-local feed
  ✓ Install template + instantiate generated product
  ✓ Build, test, and run generated product (stock root, Feature 212)
  ✓ Post Run actions/setup-dotnet@v4
  ✓ Post Run actions/checkout@v4
  ✓ Complete job

ANNOTATIONS
! Node.js 20 is deprecated. The following actions target Node.js 20 but are being forced to run on Node.js 24: actions/checkout@v4, actions/setup-dotnet@v4. For more information see: https://github.blog/changelog/2025-09-19-deprecation-of-node-20-on-github-actions-runners/
Generated product (template instantiation, release-only): .github#5

Refreshing run status every 20 seconds. Press Ctrl+C to quit.

* v0.1.54-preview.1 release · 28468936061
Triggered via push about 2 minutes ago

JOBS
* Package consumption (release-only) (ID 84376006396)
  ✓ Set up job
  ✓ Run actions/checkout@v4
  ✓ Run actions/setup-dotnet@v4
  ✓ Build solution (Debug) for surface-baseline assemblies
  ✓ Run Package.Tests
  ✓ Post Run actions/setup-dotnet@v4
  ✓ Post Run actions/checkout@v4
  ✓ Complete job
✓ Generated product (template instantiation, release-only) in 1m37s (ID 84376006438)
  ✓ Set up job
  ✓ Run actions/checkout@v4
  ✓ Run actions/setup-dotnet@v4
  ✓ Resolve coherent-set version (from tag/input, else the template pin)
  ✓ Pack the coherent set to a runner-local feed
  ✓ Install template + instantiate generated product
  ✓ Build, test, and run generated product (stock root, Feature 212)
  ✓ Post Run actions/setup-dotnet@v4
  ✓ Post Run actions/checkout@v4
  ✓ Complete job
* Publish FS.GG.UI.* to org GitHub Packages (release-only) (ID 84376572601)

ANNOTATIONS
! Node.js 20 is deprecated. The following actions target Node.js 20 but are being forced to run on Node.js 24: actions/checkout@v4, actions/setup-dotnet@v4. For more information see: https://github.blog/changelog/2025-09-19-deprecation-of-node-20-on-github-actions-runners/
Generated product (template instantiation, release-only): .github#5

Refreshing run status every 20 seconds. Press Ctrl+C to quit.

* v0.1.54-preview.1 release · 28468936061
Triggered via push about 3 minutes ago

JOBS
✓ Package consumption (release-only) in 2m48s (ID 84376006396)
  ✓ Set up job
  ✓ Run actions/checkout@v4
  ✓ Run actions/setup-dotnet@v4
  ✓ Build solution (Debug) for surface-baseline assemblies
  ✓ Run Package.Tests
  ✓ Post Run actions/setup-dotnet@v4
  ✓ Post Run actions/checkout@v4
  ✓ Complete job
✓ Generated product (template instantiation, release-only) in 1m37s (ID 84376006438)
  ✓ Set up job
  ✓ Run actions/checkout@v4
  ✓ Run actions/setup-dotnet@v4
  ✓ Resolve coherent-set version (from tag/input, else the template pin)
  ✓ Pack the coherent set to a runner-local feed
  ✓ Install template + instantiate generated product
  ✓ Build, test, and run generated product (stock root, Feature 212)
  ✓ Post Run actions/setup-dotnet@v4
  ✓ Post Run actions/checkout@v4
  ✓ Complete job
* Publish FS.GG.UI.* to org GitHub Packages (release-only) (ID 84376572601)
  ✓ Set up job
  ✓ Run actions/checkout@v4
  ✓ Run actions/setup-dotnet@v4
  ✓ Resolve coherent-set version from the release tag
  * Pack FS.GG.UI.* (libraries + template)
  * Push coherent set to nuget.pkg.github.com/FS-GG
  * Post Run actions/setup-dotnet@v4
  * Post Run actions/checkout@v4

ANNOTATIONS
! Node.js 20 is deprecated. The following actions target Node.js 20 but are being forced to run on Node.js 24: actions/checkout@v4, actions/setup-dotnet@v4. For more information see: https://github.blog/changelog/2025-09-19-deprecation-of-node-20-on-github-actions-runners/
Generated product (template instantiation, release-only): .github#5

Refreshing run status every 20 seconds. Press Ctrl+C to quit.

* v0.1.54-preview.1 release · 28468936061
Triggered via push about 3 minutes ago

JOBS
✓ Package consumption (release-only) in 2m48s (ID 84376006396)
  ✓ Set up job
  ✓ Run actions/checkout@v4
  ✓ Run actions/setup-dotnet@v4
  ✓ Build solution (Debug) for surface-baseline assemblies
  ✓ Run Package.Tests
  ✓ Post Run actions/setup-dotnet@v4
  ✓ Post Run actions/checkout@v4
  ✓ Complete job
✓ Generated product (template instantiation, release-only) in 1m37s (ID 84376006438)
  ✓ Set up job
  ✓ Run actions/checkout@v4
  ✓ Run actions/setup-dotnet@v4
  ✓ Resolve coherent-set version (from tag/input, else the template pin)
  ✓ Pack the coherent set to a runner-local feed
  ✓ Install template + instantiate generated product
  ✓ Build, test, and run generated product (stock root, Feature 212)
  ✓ Post Run actions/setup-dotnet@v4
  ✓ Post Run actions/checkout@v4
  ✓ Complete job
* Publish FS.GG.UI.* to org GitHub Packages (release-only) (ID 84376572601)
  ✓ Set up job
  ✓ Run actions/checkout@v4
  ✓ Run actions/setup-dotnet@v4
  ✓ Resolve coherent-set version from the release tag
  * Pack FS.GG.UI.* (libraries + template)
  * Push coherent set to nuget.pkg.github.com/FS-GG
  * Post Run actions/setup-dotnet@v4
  * Post Run actions/checkout@v4

ANNOTATIONS
! Node.js 20 is deprecated. The following actions target Node.js 20 but are being forced to run on Node.js 24: actions/checkout@v4, actions/setup-dotnet@v4. For more information see: https://github.blog/changelog/2025-09-19-deprecation-of-node-20-on-github-actions-runners/
Generated product (template instantiation, release-only): .github#5

Refreshing run status every 20 seconds. Press Ctrl+C to quit.

* v0.1.54-preview.1 release · 28468936061
Triggered via push about 3 minutes ago

JOBS
✓ Package consumption (release-only) in 2m48s (ID 84376006396)
  ✓ Set up job
  ✓ Run actions/checkout@v4
  ✓ Run actions/setup-dotnet@v4
  ✓ Build solution (Debug) for surface-baseline assemblies
  ✓ Run Package.Tests
  ✓ Post Run actions/setup-dotnet@v4
  ✓ Post Run actions/checkout@v4
  ✓ Complete job
✓ Generated product (template instantiation, release-only) in 1m37s (ID 84376006438)
  ✓ Set up job
  ✓ Run actions/checkout@v4
  ✓ Run actions/setup-dotnet@v4
  ✓ Resolve coherent-set version (from tag/input, else the template pin)
  ✓ Pack the coherent set to a runner-local feed
  ✓ Install template + instantiate generated product
  ✓ Build, test, and run generated product (stock root, Feature 212)
  ✓ Post Run actions/setup-dotnet@v4
  ✓ Post Run actions/checkout@v4
  ✓ Complete job
* Publish FS.GG.UI.* to org GitHub Packages (release-only) (ID 84376572601)
  ✓ Set up job
  ✓ Run actions/checkout@v4
  ✓ Run actions/setup-dotnet@v4
  ✓ Resolve coherent-set version from the release tag
  * Pack FS.GG.UI.* (libraries + template)
  * Push coherent set to nuget.pkg.github.com/FS-GG
  * Post Run actions/setup-dotnet@v4
  * Post Run actions/checkout@v4

ANNOTATIONS
! Node.js 20 is deprecated. The following actions target Node.js 20 but are being forced to run on Node.js 24: actions/checkout@v4, actions/setup-dotnet@v4. For more information see: https://github.blog/changelog/2025-09-19-deprecation-of-node-20-on-github-actions-runners/
Generated product (template instantiation, release-only): .github#5

✓ v0.1.54-preview.1 release · 28468936061
Triggered via push about 4 minutes ago

JOBS
✓ Package consumption (release-only) in 2m48s (ID 84376006396)
  ✓ Set up job
  ✓ Run actions/checkout@v4
  ✓ Run actions/setup-dotnet@v4
  ✓ Build solution (Debug) for surface-baseline assemblies
  ✓ Run Package.Tests
  ✓ Post Run actions/setup-dotnet@v4
  ✓ Post Run actions/checkout@v4
  ✓ Complete job
✓ Generated product (template instantiation, release-only) in 1m37s (ID 84376006438)
  ✓ Set up job
  ✓ Run actions/checkout@v4
  ✓ Run actions/setup-dotnet@v4
  ✓ Resolve coherent-set version (from tag/input, else the template pin)
  ✓ Pack the coherent set to a runner-local feed
  ✓ Install template + instantiate generated product
  ✓ Build, test, and run generated product (stock root, Feature 212)
  ✓ Post Run actions/setup-dotnet@v4
  ✓ Post Run actions/checkout@v4
  ✓ Complete job
✓ Publish FS.GG.UI.* to org GitHub Packages (release-only) in 1m21s (ID 84376572601)
  ✓ Set up job
  ✓ Run actions/checkout@v4
  ✓ Run actions/setup-dotnet@v4
  ✓ Resolve coherent-set version from the release tag
  ✓ Pack FS.GG.UI.* (libraries + template)
  ✓ Push coherent set to nuget.pkg.github.com/FS-GG
  ✓ Post Run actions/setup-dotnet@v4
  ✓ Post Run actions/checkout@v4
  ✓ Complete job

ANNOTATIONS
! Node.js 20 is deprecated. The following actions target Node.js 20 but are being forced to run on Node.js 24: actions/checkout@v4, actions/setup-dotnet@v4. For more information see: https://github.blog/changelog/2025-09-19-deprecation-of-node-20-on-github-actions-runners/
Generated product (template instantiation, release-only): .github#5

